<?xml version="1.0" encoding="UTF-8"?>
<!-- Generated by org.testng.reporters.JUnitReportReporter -->
<testsuite hostname="Tulasikumar" failures="0" tests="1" name="tests.LoginPageTest" time="22.854" errors="0" timestamp="2023-06-29T16:25:41 IST" skipped="0">
  <testcase classname="tests.LoginPageTest" name="logins" time="22.854"/>
  <system-out/>
</testsuite> <!-- tests.LoginPageTest -->
